{"level":"info","message":"服务器启动成功","port":"3002","timestamp":"2025-06-29T14:28:41.863Z"}
{"level":"info","message":"数据库连接成功","timestamp":"2025-06-29T14:28:41.864Z"}
{"level":"info","message":"数据库连接成功","timestamp":"2025-06-29T14:28:41.863Z"}
{"level":"info","message":"服务器启动成功","port":"3002","timestamp":"2025-06-29T14:28:41.865Z"}
{"level":"info","message":"测试接口被调用","query":{},"timestamp":"2025-06-29T14:30:08.233Z"}
{"level":"info","message":"::1 - - [29/Jun/2025:14:30:08 +0000] \"GET /api/test HTTP/1.1\" 200 107 \"-\" \"curl/8.7.1\"","timestamp":"2025-06-29T14:30:08.241Z"}
{"level":"info","message":"用户登录成功","openid":"offline_mock_openid_1751207413155","timestamp":"2025-06-29T14:30:13.159Z"}
{"level":"info","message":"::1 - - [29/Jun/2025:14:30:13 +0000] \"POST /api/login HTTP/1.1\" 200 153 \"-\" \"curl/8.7.1\"","timestamp":"2025-06-29T14:30:13.163Z"}
{"error":"SQLITE_ERROR: no such column: status","level":"error","message":"获取活动列表失败","timestamp":"2025-06-29T14:30:18.923Z"}
{"level":"info","message":"::1 - - [29/Jun/2025:14:30:18 +0000] \"GET /api/activities HTTP/1.1\" 500 54 \"-\" \"curl/8.7.1\"","timestamp":"2025-06-29T14:30:18.926Z"}
{"error":"SQLITE_ERROR: no such column: status","level":"error","message":"获取活动列表失败","timestamp":"2025-06-29T14:31:28.048Z"}
{"level":"info","message":"::1 - - [29/Jun/2025:14:31:28 +0000] \"GET /api/activities HTTP/1.1\" 500 54 \"-\" \"curl/8.7.1\"","timestamp":"2025-06-29T14:31:28.050Z"}
{"level":"info","message":"数据库连接成功","timestamp":"2025-06-29T14:31:39.226Z"}
{"level":"info","message":"数据库连接成功","timestamp":"2025-06-29T14:31:39.226Z"}
{"level":"info","message":"服务器启动成功","port":"3002","timestamp":"2025-06-29T14:31:39.227Z"}
{"level":"info","message":"服务器启动成功","port":"3002","timestamp":"2025-06-29T14:31:39.227Z"}
{"level":"info","message":"数据库连接成功","timestamp":"2025-06-29T14:32:43.961Z"}
{"level":"info","message":"数据库连接成功","timestamp":"2025-06-29T14:32:43.961Z"}
{"level":"info","message":"服务器启动成功","port":"3002","timestamp":"2025-06-29T14:32:43.962Z"}
{"level":"info","message":"服务器启动成功","port":"3002","timestamp":"2025-06-29T14:32:43.962Z"}
{"level":"info","message":"数据库连接成功","timestamp":"2025-07-02T14:10:05.547Z"}
{"level":"info","message":"服务器启动成功","port":"3002","timestamp":"2025-07-02T14:10:05.548Z"}
{"level":"info","message":"数据库连接成功","timestamp":"2025-07-02T14:10:05.547Z"}
{"level":"info","message":"服务器启动成功","port":"3002","timestamp":"2025-07-02T14:10:05.548Z"}
{"level":"info","message":"数据库连接成功","timestamp":"2025-07-02T14:10:34.341Z"}
{"level":"info","message":"服务器启动成功","port":"3002","timestamp":"2025-07-02T14:10:34.342Z"}
{"level":"info","message":"数据库连接成功","timestamp":"2025-07-02T14:10:34.341Z"}
{"level":"info","message":"服务器启动成功","port":"3002","timestamp":"2025-07-02T14:10:34.342Z"}
{"level":"info","message":"数据库连接成功","timestamp":"2025-07-02T14:12:53.052Z"}
{"level":"info","message":"服务器启动成功","port":"3002","timestamp":"2025-07-02T14:12:53.053Z"}
{"level":"info","message":"数据库连接成功","timestamp":"2025-07-02T14:12:53.053Z"}
{"level":"info","message":"服务器启动成功","port":"3002","timestamp":"2025-07-02T14:12:53.055Z"}
{"level":"info","message":"数据库连接成功","timestamp":"2025-07-02T14:14:17.151Z"}
{"level":"info","message":"服务器启动成功","port":"3002","timestamp":"2025-07-02T14:14:17.152Z"}
{"level":"info","message":"数据库连接成功","timestamp":"2025-07-02T14:14:17.152Z"}
{"level":"info","message":"服务器启动成功","port":"3002","timestamp":"2025-07-02T14:14:17.153Z"}
{"level":"info","message":"服务器启动成功","port":"3002","timestamp":"2025-07-03T10:43:24.316Z"}
{"error":"db is not defined","level":"error","message":"获取活动列表失败","timestamp":"2025-07-03T10:44:18.795Z"}
{"level":"info","message":"::1 - - [03/Jul/2025:10:44:18 +0000] \"GET /api/activities HTTP/1.1\" 500 82 \"-\" \"Mozilla/5.0 (Macintosh; Intel Mac OS X 10_15_7) AppleWebKit/537.36 (KHTML, like Gecko) Chrome/138.0.0.0 Safari/537.36 Edg/138.0.0.0\"","timestamp":"2025-07-03T10:44:18.799Z"}
{"level":"info","message":"::1 - - [03/Jul/2025:10:44:18 +0000] \"GET /favicon.ico HTTP/1.1\" 404 45 \"-\" \"Mozilla/5.0 (Macintosh; Intel Mac OS X 10_15_7) AppleWebKit/537.36 (KHTML, like Gecko) Chrome/138.0.0.0 Safari/537.36 Edg/138.0.0.0\"","timestamp":"2025-07-03T10:44:18.872Z"}
{"error":"db is not defined","level":"error","message":"获取活动列表失败","timestamp":"2025-07-03T10:48:16.494Z"}
{"level":"info","message":"::1 - - [03/Jul/2025:10:48:16 +0000] \"GET /api/activities HTTP/1.1\" 500 82 \"-\" \"Mozilla/5.0 (Macintosh; Intel Mac OS X 10_15_7) AppleWebKit/537.36 (KHTML, like Gecko) Chrome/138.0.0.0 Safari/537.36 Edg/138.0.0.0\"","timestamp":"2025-07-03T10:48:16.496Z"}
{"level":"info","message":"服务器启动成功","port":"3002","timestamp":"2025-07-03T10:50:53.252Z"}
